Arguments: 
  C:\Program Files\nodejs\node.exe C:\Users\--\AppData\Roaming\npm\node_modules\yarn\bin\yarn.js test

PATH: 
  C:\Users\--\bin;C:\Program Files\Git\mingw64\bin;C:\Program Files\Git\usr\local\bin;C:\Program Files\Git\usr\bin;C:\Program Files\Git\usr\bin;C:\Program Files\Git\mingw64\bin;C:\Program Files\Git\usr\bin;C:\Users\--\bin;C:\Windows\system32;C:\Windows;C:\Windows\System32\Wbem;C:\Windows\System32\WindowsPowerShell\v1.0;C:\Program Files\nodejs;C:\Program Files\Git\cmd;C:\Program Files (x86)\Windows Kits\8.0\Windows Performance Toolkit;C:\Program Files\Microsoft SQL Server\110\Tools\Binn;C:\Users\--\AppData\Local\Microsoft\WindowsApps;C:\Users\--\AppData\Roaming\npm;C:\Users\--\AppData\Local\Programs\Microsoft VS Code\bin;C:\cmdr;C:\Program Files\Git\usr\bin\vendor_perl;C:\Program Files\Git\usr\bin\core_perl

Yarn version: 
  1.22.17

Node version: 
  16.13.1

Platform: 
  win32 x64

Trace: 
  SyntaxError: C:\Users\--\Documents\projetos\nodejs-advanced\package.json: Unexpected token } in JSON at position 474
      at JSON.parse (<anonymous>)
      at C:\Users\--\AppData\Roaming\npm\node_modules\yarn\lib\cli.js:1625:59
      at Generator.next (<anonymous>)
      at step (C:\Users\--\AppData\Roaming\npm\node_modules\yarn\lib\cli.js:310:30)
      at C:\Users\--\AppData\Roaming\npm\node_modules\yarn\lib\cli.js:321:13

npm manifest: 
  {
    "name": "nodejs-advanced",
    "version": "1.0.0",
    "main": "index.js",
    "author": "Wilmy Danguya <daniel.yava16@gmail.com>",
    "license": "MIT",
    "scripts": {
      "start": "node dist/main/api",
      "build": "rimraf dist && tsc -p tsconfig-build.json",
      "lint": "eslint .",
      "lint:fix": "yarn lint -- --fix",
      "test": "jest --passWithNoTests --no-cache -runInBand",
      "test:watch": "yarn test -- --watch",
      "test:coverage": "yarn test -- --coverage",
  
  
    },
    "devDependencies": {
      "@types/jest": "^27.4.1",
      "@types/module-alias": "^2.0.1",
      "@types/node": "^17.0.24",
      "@typescript-eslint/eslint-plugin": "^4.0.1",
      "eslint": "^7.12.1",
      "eslint-config-standard-with-typescript": "^21.0.1",
      "eslint-plugin-import": "^2.22.1",
      "eslint-plugin-node": "^11.1.0",
      "eslint-plugin-promise": "^5.0.0",
      "jest": "^27.5.1",
      "ts-jest": "^27.1.4",
      "typescript": "^4"
    },
    "engines": {
      "node": "16.x"
    },
    "dependencies": {
      "module-alias": "^2.2.2",
      "rimraf": "^3.0.2"
    }
  }

yarn manifest: 
  No manifest

Lockfile: 
  No lockfile
